# JRE version: OpenJDK Runtime Environment (11.0.8+10) (build 11.0.8+10-post-Ubuntu-0ubuntu118.04.1)
# Java VM: OpenJDK 64-Bit Server VM (11.0.8+10-post-Ubuntu-0ubuntu118.04.1, mixed mode, sharing, tiered, compressed oops, g1 gc, linux-amd64)
Heap:
 garbage-first heap   total 686080K, used 102656K [0x000000060da00000, 0x0000000800000000)
  region size 2048K, 48 young (98304K), 6 survivors (12288K)
 Metaspace       used 44513K, capacity 45942K, committed 46288K, reserved 1089536K
  class space    used 6129K, capacity 6724K, committed 6784K, reserved 1048576K
GC Heap History (12 events):
Event: 0.285 GC heap before
{Heap before GC invocations=0 (full 0):
 garbage-first heap   total 516096K, used 23236K [0x000000060da00000, 0x0000000800000000)
  region size 2048K, 12 young (24576K), 0 survivors (0K)
 Metaspace       used 6312K, capacity 6584K, committed 6912K, reserved 1056768K
  class space    used 776K, capacity 907K, committed 1024K, reserved 1048576K
}
Event: 0.306 GC heap after
{Heap after GC invocations=1 (full 0):
 garbage-first heap   total 516096K, used 7402K [0x000000060da00000, 0x0000000800000000)
  region size 2048K, 2 young (4096K), 2 survivors (4096K)
 Metaspace       used 6312K, capacity 6584K, committed 6912K, reserved 1056768K
  class space    used 776K, capacity 907K, committed 1024K, reserved 1048576K
}
Event: 0.469 GC heap before
{Heap before GC invocations=1 (full 0):
 garbage-first heap   total 516096K, used 27882K [0x000000060da00000, 0x0000000800000000)
  region size 2048K, 12 young (24576K), 2 survivors (4096K)
 Metaspace       used 9026K, capacity 9489K, committed 9600K, reserved 1056768K
  class space    used 1169K, capacity 1344K, committed 1408K, reserved 1048576K
}
Event: 0.475 GC heap after
{Heap after GC invocations=2 (full 0):
 garbage-first heap   total 516096K, used 8001K [0x000000060da00000, 0x0000000800000000)
  region size 2048K, 1 young (2048K), 1 survivors (2048K)
 Metaspace       used 9026K, capacity 9489K, committed 9600K, reserved 1056768K
  class space    used 1169K, capacity 1344K, committed 1408K, reserved 1048576K
}
Event: 0.614 GC heap before
{Heap before GC invocations=2 (full 0):
 garbage-first heap   total 516096K, used 67393K [0x000000060da00000, 0x0000000800000000)
  region size 2048K, 30 young (61440K), 1 survivors (2048K)
 Metaspace       used 16157K, capacity 16834K, committed 17152K, reserved 1064960K
  class space    used 2231K, capacity 2502K, committed 2560K, reserved 1048576K
}
Event: 0.616 GC heap after
{Heap after GC invocations=3 (full 0):
 garbage-first heap   total 516096K, used 9626K [0x000000060da00000, 0x0000000800000000)
  region size 2048K, 2 young (4096K), 2 survivors (4096K)
 Metaspace       used 16157K, capacity 16834K, committed 17152K, reserved 1064960K
  class space    used 2231K, capacity 2502K, committed 2560K, reserved 1048576K
}
Event: 0.779 GC heap before
{Heap before GC invocations=3 (full 0):
 garbage-first heap   total 516096K, used 103834K [0x000000060da00000, 0x0000000800000000)
  region size 2048K, 49 young (100352K), 2 survivors (4096K)
 Metaspace       used 18646K, capacity 19378K, committed 19584K, reserved 1067008K
  class space    used 2545K, capacity 2856K, committed 2944K, reserved 1048576K
}
Event: 0.782 GC heap after
{Heap after GC invocations=4 (full 0):
 garbage-first heap   total 516096K, used 11353K [0x000000060da00000, 0x0000000800000000)
  region size 2048K, 3 young (6144K), 3 survivors (6144K)
 Metaspace       used 18646K, capacity 19378K, committed 19584K, reserved 1067008K
  class space    used 2545K, capacity 2856K, committed 2944K, reserved 1048576K
}
Event: 0.928 GC heap before
{Heap before GC invocations=4 (full 0):
 garbage-first heap   total 516096K, used 113753K [0x000000060da00000, 0x0000000800000000)
  region size 2048K, 54 young (110592K), 3 survivors (6144K)
 Metaspace       used 20411K, capacity 21185K, committed 21296K, reserved 1067008K
  class space    used 2805K, capacity 3136K, committed 3200K, reserved 1048576K
}
Event: 0.933 GC heap after
{Heap after GC invocations=5 (full 0):
 garbage-first heap   total 686080K, used 12172K [0x000000060da00000, 0x0000000800000000)
  region size 2048K, 3 young (6144K), 3 survivors (6144K)
 Metaspace       used 20411K, capacity 21185K, committed 21296K, reserved 1067008K
  class space    used 2805K, capacity 3136K, committed 3200K, reserved 1048576K
}
Event: 1.451 GC heap before
{Heap before GC invocations=6 (full 0):
 garbage-first heap   total 686080K, used 176012K [0x000000060da00000, 0x0000000800000000)
  region size 2048K, 85 young (174080K), 3 survivors (6144K)
 Metaspace       used 34529K, capacity 35775K, committed 35920K, reserved 1079296K
  class space    used 4757K, capacity 5288K, committed 5376K, reserved 1048576K
}
Event: 1.468 GC heap after
{Heap after GC invocations=7 (full 0):
 garbage-first heap   total 686080K, used 18688K [0x000000060da00000, 0x0000000800000000)
  region size 2048K, 6 young (12288K), 6 survivors (12288K)
 Metaspace       used 34529K, capacity 35775K, committed 35920K, reserved 1079296K
  class space    used 4757K, capacity 5288K, committed 5376K, reserved 1048576K
}

