# JRE version: OpenJDK Runtime Environment (11.0.8+10) (build 11.0.8+10-post-Ubuntu-0ubuntu118.04.1)
# Java VM: OpenJDK 64-Bit Server VM (11.0.8+10-post-Ubuntu-0ubuntu118.04.1, mixed mode, sharing, tiered, compressed oops, g1 gc, linux-amd64)
Heap:
 garbage-first heap   total 774144K, used 116857K [0x000000060da00000, 0x0000000800000000)
  region size 2048K, 55 young (112640K), 6 survivors (12288K)
 Metaspace       used 46221K, capacity 47670K, committed 47864K, reserved 1089536K
  class space    used 6369K, capacity 6958K, committed 6988K, reserved 1048576K
GC Heap History (12 events):
Event: 0.248 GC heap before
{Heap before GC invocations=0 (full 0):
 garbage-first heap   total 516096K, used 23236K [0x000000060da00000, 0x0000000800000000)
  region size 2048K, 12 young (24576K), 0 survivors (0K)
 Metaspace       used 6341K, capacity 6660K, committed 6912K, reserved 1056768K
  class space    used 776K, capacity 907K, committed 1024K, reserved 1048576K
}
Event: 0.254 GC heap after
{Heap after GC invocations=1 (full 0):
 garbage-first heap   total 516096K, used 7127K [0x000000060da00000, 0x0000000800000000)
  region size 2048K, 2 young (4096K), 2 survivors (4096K)
 Metaspace       used 6341K, capacity 6660K, committed 6912K, reserved 1056768K
  class space    used 776K, capacity 907K, committed 1024K, reserved 1048576K
}
Event: 0.320 GC heap before
{Heap before GC invocations=1 (full 0):
 garbage-first heap   total 516096K, used 27607K [0x000000060da00000, 0x0000000800000000)
  region size 2048K, 12 young (24576K), 2 survivors (4096K)
 Metaspace       used 8983K, capacity 9391K, committed 9600K, reserved 1056768K
  class space    used 1142K, capacity 1312K, committed 1408K, reserved 1048576K
}
Event: 0.325 GC heap after
{Heap after GC invocations=2 (full 0):
 garbage-first heap   total 516096K, used 7974K [0x000000060da00000, 0x0000000800000000)
  region size 2048K, 1 young (2048K), 1 survivors (2048K)
 Metaspace       used 8983K, capacity 9391K, committed 9600K, reserved 1056768K
  class space    used 1142K, capacity 1312K, committed 1408K, reserved 1048576K
}
Event: 0.445 GC heap before
{Heap before GC invocations=2 (full 0):
 garbage-first heap   total 516096K, used 59174K [0x000000060da00000, 0x0000000800000000)
  region size 2048K, 27 young (55296K), 1 survivors (2048K)
 Metaspace       used 15447K, capacity 16102K, committed 16256K, reserved 1062912K
  class space    used 2100K, capacity 2361K, committed 2432K, reserved 1048576K
}
Event: 0.447 GC heap after
{Heap after GC invocations=3 (full 0):
 garbage-first heap   total 516096K, used 9486K [0x000000060da00000, 0x0000000800000000)
  region size 2048K, 2 young (4096K), 2 survivors (4096K)
 Metaspace       used 15447K, capacity 16102K, committed 16256K, reserved 1062912K
  class space    used 2100K, capacity 2361K, committed 2432K, reserved 1048576K
}
Event: 0.712 GC heap before
{Heap before GC invocations=3 (full 0):
 garbage-first heap   total 516096K, used 99598K [0x000000060da00000, 0x0000000800000000)
  region size 2048K, 47 young (96256K), 2 survivors (4096K)
 Metaspace       used 18546K, capacity 19265K, committed 19584K, reserved 1067008K
  class space    used 2524K, capacity 2821K, committed 2944K, reserved 1048576K
}
Event: 0.724 GC heap after
{Heap after GC invocations=4 (full 0):
 garbage-first heap   total 516096K, used 11197K [0x000000060da00000, 0x0000000800000000)
  region size 2048K, 3 young (6144K), 3 survivors (6144K)
 Metaspace       used 18546K, capacity 19265K, committed 19584K, reserved 1067008K
  class space    used 2524K, capacity 2821K, committed 2944K, reserved 1048576K
}
Event: 0.892 GC heap before
{Heap before GC invocations=4 (full 0):
 garbage-first heap   total 516096K, used 127933K [0x000000060da00000, 0x0000000800000000)
  region size 2048K, 61 young (124928K), 3 survivors (6144K)
 Metaspace       used 20180K, capacity 20942K, committed 21248K, reserved 1067008K
  class space    used 2757K, capacity 3055K, committed 3072K, reserved 1048576K
}
Event: 0.897 GC heap after
{Heap after GC invocations=5 (full 0):
 garbage-first heap   total 774144K, used 12013K [0x000000060da00000, 0x0000000800000000)
  region size 2048K, 3 young (6144K), 3 survivors (6144K)
 Metaspace       used 20180K, capacity 20942K, committed 21248K, reserved 1067008K
  class space    used 2757K, capacity 3055K, committed 3072K, reserved 1048576K
}
Event: 1.420 GC heap before
{Heap before GC invocations=6 (full 0):
 garbage-first heap   total 774144K, used 177901K [0x000000060da00000, 0x0000000800000000)
  region size 2048K, 86 young (176128K), 3 survivors (6144K)
 Metaspace       used 34378K, capacity 35577K, committed 35628K, reserved 1079296K
  class space    used 4737K, capacity 5245K, committed 5248K, reserved 1048576K
}
Event: 1.431 GC heap after
{Heap after GC invocations=7 (full 0):
 garbage-first heap   total 774144K, used 18553K [0x000000060da00000, 0x0000000800000000)
  region size 2048K, 6 young (12288K), 6 survivors (12288K)
 Metaspace       used 34378K, capacity 35577K, committed 35628K, reserved 1079296K
  class space    used 4737K, capacity 5245K, committed 5248K, reserved 1048576K
}

