# JRE version: OpenJDK Runtime Environment (11.0.8+10) (build 11.0.8+10-post-Ubuntu-0ubuntu118.04.1)
# Java VM: OpenJDK 64-Bit Server VM (11.0.8+10-post-Ubuntu-0ubuntu118.04.1, mixed mode, sharing, tiered, compressed oops, g1 gc, linux-amd64)
Heap:
 garbage-first heap   total 677888K, used 116936K [0x000000060da00000, 0x0000000800000000)
  region size 2048K, 55 young (112640K), 6 survivors (12288K)
 Metaspace       used 46202K, capacity 47670K, committed 47900K, reserved 1089536K
  class space    used 6368K, capacity 6958K, committed 7072K, reserved 1048576K
GC Heap History (12 events):
Event: 0.255 GC heap before
{Heap before GC invocations=0 (full 0):
 garbage-first heap   total 516096K, used 23236K [0x000000060da00000, 0x0000000800000000)
  region size 2048K, 12 young (24576K), 0 survivors (0K)
 Metaspace       used 6343K, capacity 6660K, committed 6912K, reserved 1056768K
  class space    used 776K, capacity 907K, committed 1024K, reserved 1048576K
}
Event: 0.264 GC heap after
{Heap after GC invocations=1 (full 0):
 garbage-first heap   total 516096K, used 7083K [0x000000060da00000, 0x0000000800000000)
  region size 2048K, 2 young (4096K), 2 survivors (4096K)
 Metaspace       used 6343K, capacity 6660K, committed 6912K, reserved 1056768K
  class space    used 776K, capacity 907K, committed 1024K, reserved 1048576K
}
Event: 0.334 GC heap before
{Heap before GC invocations=1 (full 0):
 garbage-first heap   total 516096K, used 27563K [0x000000060da00000, 0x0000000800000000)
  region size 2048K, 13 young (26624K), 2 survivors (4096K)
 Metaspace       used 8947K, capacity 9327K, committed 9600K, reserved 1056768K
  class space    used 1142K, capacity 1312K, committed 1408K, reserved 1048576K
}
Event: 0.337 GC heap after
{Heap after GC invocations=2 (full 0):
 garbage-first heap   total 516096K, used 8168K [0x000000060da00000, 0x0000000800000000)
  region size 2048K, 1 young (2048K), 1 survivors (2048K)
 Metaspace       used 8947K, capacity 9327K, committed 9600K, reserved 1056768K
  class space    used 1142K, capacity 1312K, committed 1408K, reserved 1048576K
}
Event: 0.464 GC heap before
{Heap before GC invocations=2 (full 0):
 garbage-first heap   total 516096K, used 65512K [0x000000060da00000, 0x0000000800000000)
  region size 2048K, 29 young (59392K), 1 survivors (2048K)
 Metaspace       used 15871K, capacity 16562K, committed 16896K, reserved 1062912K
  class space    used 2175K, capacity 2454K, committed 2560K, reserved 1048576K
}
Event: 0.466 GC heap after
{Heap after GC invocations=3 (full 0):
 garbage-first heap   total 516096K, used 9672K [0x000000060da00000, 0x0000000800000000)
  region size 2048K, 2 young (4096K), 2 survivors (4096K)
 Metaspace       used 15871K, capacity 16562K, committed 16896K, reserved 1062912K
  class space    used 2175K, capacity 2454K, committed 2560K, reserved 1048576K
}
Event: 0.643 GC heap before
{Heap before GC invocations=3 (full 0):
 garbage-first heap   total 516096K, used 105928K [0x000000060da00000, 0x0000000800000000)
  region size 2048K, 50 young (102400K), 2 survivors (4096K)
 Metaspace       used 18667K, capacity 19428K, committed 19840K, reserved 1067008K
  class space    used 2542K, capacity 2854K, committed 2944K, reserved 1048576K
}
Event: 0.645 GC heap after
{Heap after GC invocations=4 (full 0):
 garbage-first heap   total 516096K, used 11363K [0x000000060da00000, 0x0000000800000000)
  region size 2048K, 3 young (6144K), 3 survivors (6144K)
 Metaspace       used 18667K, capacity 19428K, committed 19840K, reserved 1067008K
  class space    used 2542K, capacity 2854K, committed 2944K, reserved 1048576K
}
Event: 0.787 GC heap before
{Heap before GC invocations=4 (full 0):
 garbage-first heap   total 516096K, used 113763K [0x000000060da00000, 0x0000000800000000)
  region size 2048K, 54 young (110592K), 3 survivors (6144K)
 Metaspace       used 20357K, capacity 21142K, committed 21296K, reserved 1067008K
  class space    used 2791K, capacity 3101K, committed 3200K, reserved 1048576K
}
Event: 0.793 GC heap after
{Heap after GC invocations=5 (full 0):
 garbage-first heap   total 677888K, used 12083K [0x000000060da00000, 0x0000000800000000)
  region size 2048K, 3 young (6144K), 3 survivors (6144K)
 Metaspace       used 20357K, capacity 21142K, committed 21296K, reserved 1067008K
  class space    used 2791K, capacity 3101K, committed 3200K, reserved 1048576K
}
Event: 1.308 GC heap before
{Heap before GC invocations=6 (full 0):
 garbage-first heap   total 677888K, used 177971K [0x000000060da00000, 0x0000000800000000)
  region size 2048K, 86 young (176128K), 3 survivors (6144K)
 Metaspace       used 34441K, capacity 35653K, committed 35920K, reserved 1079296K
  class space    used 4746K, capacity 5249K, committed 5280K, reserved 1048576K
}
Event: 1.322 GC heap after
{Heap after GC invocations=7 (full 0):
 garbage-first heap   total 677888K, used 18632K [0x000000060da00000, 0x0000000800000000)
  region size 2048K, 6 young (12288K), 6 survivors (12288K)
 Metaspace       used 34441K, capacity 35653K, committed 35920K, reserved 1079296K
  class space    used 4746K, capacity 5249K, committed 5280K, reserved 1048576K
}

