# JRE version: OpenJDK Runtime Environment (11.0.8+10) (build 11.0.8+10-post-Ubuntu-0ubuntu118.04.1)
# Java VM: OpenJDK 64-Bit Server VM (11.0.8+10-post-Ubuntu-0ubuntu118.04.1, mixed mode, sharing, tiered, compressed oops, g1 gc, linux-amd64)
Heap:
 garbage-first heap   total 636928K, used 116506K [0x000000060da00000, 0x0000000800000000)
  region size 2048K, 55 young (112640K), 6 survivors (12288K)
 Metaspace       used 46212K, capacity 47673K, committed 47864K, reserved 1089536K
  class space    used 6371K, capacity 6958K, committed 6988K, reserved 1048576K
GC Heap History (12 events):
Event: 0.248 GC heap before
{Heap before GC invocations=0 (full 0):
 garbage-first heap   total 516096K, used 23236K [0x000000060da00000, 0x0000000800000000)
  region size 2048K, 12 young (24576K), 0 survivors (0K)
 Metaspace       used 6339K, capacity 6660K, committed 6912K, reserved 1056768K
  class space    used 776K, capacity 907K, committed 1024K, reserved 1048576K
}
Event: 0.254 GC heap after
{Heap after GC invocations=1 (full 0):
 garbage-first heap   total 516096K, used 7117K [0x000000060da00000, 0x0000000800000000)
  region size 2048K, 2 young (4096K), 2 survivors (4096K)
 Metaspace       used 6339K, capacity 6660K, committed 6912K, reserved 1056768K
  class space    used 776K, capacity 907K, committed 1024K, reserved 1048576K
}
Event: 0.318 GC heap before
{Heap before GC invocations=1 (full 0):
 garbage-first heap   total 516096K, used 27597K [0x000000060da00000, 0x0000000800000000)
  region size 2048K, 12 young (24576K), 2 survivors (4096K)
 Metaspace       used 8984K, capacity 9391K, committed 9600K, reserved 1056768K
  class space    used 1142K, capacity 1312K, committed 1408K, reserved 1048576K
}
Event: 0.322 GC heap after
{Heap after GC invocations=2 (full 0):
 garbage-first heap   total 516096K, used 8023K [0x000000060da00000, 0x0000000800000000)
  region size 2048K, 1 young (2048K), 1 survivors (2048K)
 Metaspace       used 8984K, capacity 9391K, committed 9600K, reserved 1056768K
  class space    used 1142K, capacity 1312K, committed 1408K, reserved 1048576K
}
Event: 0.446 GC heap before
{Heap before GC invocations=2 (full 0):
 garbage-first heap   total 516096K, used 63319K [0x000000060da00000, 0x0000000800000000)
  region size 2048K, 28 young (57344K), 1 survivors (2048K)
 Metaspace       used 15658K, capacity 16313K, committed 16512K, reserved 1062912K
  class space    used 2136K, capacity 2409K, committed 2432K, reserved 1048576K
}
Event: 0.448 GC heap after
{Heap after GC invocations=3 (full 0):
 garbage-first heap   total 516096K, used 9499K [0x000000060da00000, 0x0000000800000000)
  region size 2048K, 2 young (4096K), 2 survivors (4096K)
 Metaspace       used 15658K, capacity 16313K, committed 16512K, reserved 1062912K
  class space    used 2136K, capacity 2409K, committed 2432K, reserved 1048576K
}
Event: 0.603 GC heap before
{Heap before GC invocations=3 (full 0):
 garbage-first heap   total 516096K, used 101659K [0x000000060da00000, 0x0000000800000000)
  region size 2048K, 48 young (98304K), 2 survivors (4096K)
 Metaspace       used 18548K, capacity 19329K, committed 19584K, reserved 1067008K
  class space    used 2528K, capacity 2821K, committed 2944K, reserved 1048576K
}
Event: 0.606 GC heap after
{Heap after GC invocations=4 (full 0):
 garbage-first heap   total 516096K, used 11181K [0x000000060da00000, 0x0000000800000000)
  region size 2048K, 3 young (6144K), 3 survivors (6144K)
 Metaspace       used 18548K, capacity 19329K, committed 19584K, reserved 1067008K
  class space    used 2528K, capacity 2821K, committed 2944K, reserved 1048576K
}
Event: 0.749 GC heap before
{Heap before GC invocations=4 (full 0):
 garbage-first heap   total 516096K, used 121773K [0x000000060da00000, 0x0000000800000000)
  region size 2048K, 58 young (118784K), 3 survivors (6144K)
 Metaspace       used 20129K, capacity 20936K, committed 21248K, reserved 1067008K
  class space    used 2755K, capacity 3053K, committed 3072K, reserved 1048576K
}
Event: 0.755 GC heap after
{Heap after GC invocations=5 (full 0):
 garbage-first heap   total 636928K, used 11845K [0x000000060da00000, 0x0000000800000000)
  region size 2048K, 3 young (6144K), 3 survivors (6144K)
 Metaspace       used 20129K, capacity 20936K, committed 21248K, reserved 1067008K
  class space    used 2755K, capacity 3053K, committed 3072K, reserved 1048576K
}
Event: 1.269 GC heap before
{Heap before GC invocations=6 (full 0):
 garbage-first heap   total 636928K, used 179781K [0x000000060da00000, 0x0000000800000000)
  region size 2048K, 87 young (178176K), 3 survivors (6144K)
 Metaspace       used 34361K, capacity 35577K, committed 35628K, reserved 1079296K
  class space    used 4736K, capacity 5245K, committed 5248K, reserved 1048576K
}
Event: 1.297 GC heap after
{Heap after GC invocations=7 (full 0):
 garbage-first heap   total 636928K, used 18202K [0x000000060da00000, 0x0000000800000000)
  region size 2048K, 6 young (12288K), 6 survivors (12288K)
 Metaspace       used 34361K, capacity 35577K, committed 35628K, reserved 1079296K
  class space    used 4736K, capacity 5245K, committed 5248K, reserved 1048576K
}

