# JRE version: OpenJDK Runtime Environment (11.0.8+10) (build 11.0.8+10-post-Ubuntu-0ubuntu118.04.1)
# Java VM: OpenJDK 64-Bit Server VM (11.0.8+10-post-Ubuntu-0ubuntu118.04.1, mixed mode, sharing, tiered, compressed oops, g1 gc, linux-amd64)
Heap:
 garbage-first heap   total 677888K, used 110609K [0x000000060da00000, 0x0000000800000000)
  region size 2048K, 52 young (106496K), 6 survivors (12288K)
 Metaspace       used 46030K, capacity 47395K, committed 47772K, reserved 1089536K
  class space    used 6338K, capacity 6889K, committed 6944K, reserved 1048576K
GC Heap History (12 events):
Event: 0.266 GC heap before
{Heap before GC invocations=0 (full 0):
 garbage-first heap   total 516096K, used 25284K [0x000000060da00000, 0x0000000800000000)
  region size 2048K, 12 young (24576K), 0 survivors (0K)
 Metaspace       used 6434K, capacity 6799K, committed 7168K, reserved 1056768K
  class space    used 784K, capacity 911K, committed 1024K, reserved 1048576K
}
Event: 0.272 GC heap after
{Heap after GC invocations=1 (full 0):
 garbage-first heap   total 516096K, used 6985K [0x000000060da00000, 0x0000000800000000)
  region size 2048K, 2 young (4096K), 2 survivors (4096K)
 Metaspace       used 6434K, capacity 6799K, committed 7168K, reserved 1056768K
  class space    used 784K, capacity 911K, committed 1024K, reserved 1048576K
}
Event: 0.335 GC heap before
{Heap before GC invocations=1 (full 0):
 garbage-first heap   total 516096K, used 27465K [0x000000060da00000, 0x0000000800000000)
  region size 2048K, 12 young (24576K), 2 survivors (4096K)
 Metaspace       used 9218K, capacity 9610K, committed 9856K, reserved 1058816K
  class space    used 1193K, capacity 1365K, committed 1408K, reserved 1048576K
}
Event: 0.342 GC heap after
{Heap after GC invocations=2 (full 0):
 garbage-first heap   total 516096K, used 8014K [0x000000060da00000, 0x0000000800000000)
  region size 2048K, 1 young (2048K), 1 survivors (2048K)
 Metaspace       used 9218K, capacity 9610K, committed 9856K, reserved 1058816K
  class space    used 1193K, capacity 1365K, committed 1408K, reserved 1048576K
}
Event: 0.459 GC heap before
{Heap before GC invocations=2 (full 0):
 garbage-first heap   total 516096K, used 61262K [0x000000060da00000, 0x0000000800000000)
  region size 2048K, 27 young (55296K), 1 survivors (2048K)
 Metaspace       used 16154K, capacity 16834K, committed 16896K, reserved 1062912K
  class space    used 2221K, capacity 2502K, committed 2560K, reserved 1048576K
}
Event: 0.461 GC heap after
{Heap after GC invocations=3 (full 0):
 garbage-first heap   total 516096K, used 9499K [0x000000060da00000, 0x0000000800000000)
  region size 2048K, 2 young (4096K), 2 survivors (4096K)
 Metaspace       used 16154K, capacity 16834K, committed 16896K, reserved 1062912K
  class space    used 2221K, capacity 2502K, committed 2560K, reserved 1048576K
}
Event: 0.598 GC heap before
{Heap before GC invocations=3 (full 0):
 garbage-first heap   total 516096K, used 95515K [0x000000060da00000, 0x0000000800000000)
  region size 2048K, 45 young (92160K), 2 survivors (4096K)
 Metaspace       used 18557K, capacity 19331K, committed 19584K, reserved 1067008K
  class space    used 2527K, capacity 2821K, committed 2944K, reserved 1048576K
}
Event: 0.601 GC heap after
{Heap after GC invocations=4 (full 0):
 garbage-first heap   total 516096K, used 11096K [0x000000060da00000, 0x0000000800000000)
  region size 2048K, 3 young (6144K), 3 survivors (6144K)
 Metaspace       used 18557K, capacity 19331K, committed 19584K, reserved 1067008K
  class space    used 2527K, capacity 2821K, committed 2944K, reserved 1048576K
}
Event: 0.755 GC heap before
{Heap before GC invocations=4 (full 0):
 garbage-first heap   total 516096K, used 119640K [0x000000060da00000, 0x0000000800000000)
  region size 2048K, 57 young (116736K), 3 survivors (6144K)
 Metaspace       used 20334K, capacity 21144K, committed 21296K, reserved 1067008K
  class space    used 2786K, capacity 3101K, committed 3200K, reserved 1048576K
}
Event: 0.759 GC heap after
{Heap after GC invocations=5 (full 0):
 garbage-first heap   total 677888K, used 11725K [0x000000060da00000, 0x0000000800000000)
  region size 2048K, 3 young (6144K), 3 survivors (6144K)
 Metaspace       used 20334K, capacity 21144K, committed 21296K, reserved 1067008K
  class space    used 2786K, capacity 3101K, committed 3200K, reserved 1048576K
}
Event: 1.239 GC heap before
{Heap before GC invocations=6 (full 0):
 garbage-first heap   total 677888K, used 171469K [0x000000060da00000, 0x0000000800000000)
  region size 2048K, 83 young (169984K), 3 survivors (6144K)
 Metaspace       used 34436K, capacity 35722K, committed 35920K, reserved 1079296K
  class space    used 4740K, capacity 5251K, committed 5280K, reserved 1048576K
}
Event: 1.248 GC heap after
{Heap after GC invocations=7 (full 0):
 garbage-first heap   total 677888K, used 18449K [0x000000060da00000, 0x0000000800000000)
  region size 2048K, 6 young (12288K), 6 survivors (12288K)
 Metaspace       used 34436K, capacity 35722K, committed 35920K, reserved 1079296K
  class space    used 4740K, capacity 5251K, committed 5280K, reserved 1048576K
}

