# JRE version: OpenJDK Runtime Environment (11.0.8+10) (build 11.0.8+10-post-Ubuntu-0ubuntu118.04.1)
# Java VM: OpenJDK 64-Bit Server VM (11.0.8+10-post-Ubuntu-0ubuntu118.04.1, mixed mode, sharing, tiered, compressed oops, g1 gc, linux-amd64)
Heap:
 garbage-first heap   total 761856K, used 110460K [0x000000060da00000, 0x0000000800000000)
  region size 2048K, 52 young (106496K), 6 survivors (12288K)
 Metaspace       used 46034K, capacity 47393K, committed 47696K, reserved 1089536K
  class space    used 6338K, capacity 6889K, committed 6912K, reserved 1048576K
GC Heap History (12 events):
Event: 0.243 GC heap before
{Heap before GC invocations=0 (full 0):
 garbage-first heap   total 516096K, used 23236K [0x000000060da00000, 0x0000000800000000)
  region size 2048K, 12 young (24576K), 0 survivors (0K)
 Metaspace       used 6451K, capacity 6799K, committed 6912K, reserved 1056768K
  class space    used 784K, capacity 911K, committed 1024K, reserved 1048576K
}
Event: 0.249 GC heap after
{Heap after GC invocations=1 (full 0):
 garbage-first heap   total 516096K, used 7000K [0x000000060da00000, 0x0000000800000000)
  region size 2048K, 2 young (4096K), 2 survivors (4096K)
 Metaspace       used 6451K, capacity 6799K, committed 6912K, reserved 1056768K
  class space    used 784K, capacity 911K, committed 1024K, reserved 1048576K
}
Event: 0.319 GC heap before
{Heap before GC invocations=1 (full 0):
 garbage-first heap   total 516096K, used 29528K [0x000000060da00000, 0x0000000800000000)
  region size 2048K, 13 young (26624K), 2 survivors (4096K)
 Metaspace       used 9636K, capacity 10071K, committed 10240K, reserved 1058816K
  class space    used 1248K, capacity 1414K, committed 1536K, reserved 1048576K
}
Event: 0.323 GC heap after
{Heap after GC invocations=2 (full 0):
 garbage-first heap   total 516096K, used 8106K [0x000000060da00000, 0x0000000800000000)
  region size 2048K, 1 young (2048K), 1 survivors (2048K)
 Metaspace       used 9636K, capacity 10071K, committed 10240K, reserved 1058816K
  class space    used 1248K, capacity 1414K, committed 1536K, reserved 1048576K
}
Event: 0.438 GC heap before
{Heap before GC invocations=2 (full 0):
 garbage-first heap   total 516096K, used 59306K [0x000000060da00000, 0x0000000800000000)
  region size 2048K, 26 young (53248K), 1 survivors (2048K)
 Metaspace       used 16301K, capacity 16971K, committed 17152K, reserved 1064960K
  class space    used 2241K, capacity 2506K, committed 2560K, reserved 1048576K
}
Event: 0.447 GC heap after
{Heap after GC invocations=3 (full 0):
 garbage-first heap   total 516096K, used 9470K [0x000000060da00000, 0x0000000800000000)
  region size 2048K, 2 young (4096K), 2 survivors (4096K)
 Metaspace       used 16301K, capacity 16971K, committed 17152K, reserved 1064960K
  class space    used 2241K, capacity 2506K, committed 2560K, reserved 1048576K
}
Event: 0.575 GC heap before
{Heap before GC invocations=3 (full 0):
 garbage-first heap   total 516096K, used 89342K [0x000000060da00000, 0x0000000800000000)
  region size 2048K, 42 young (86016K), 2 survivors (4096K)
 Metaspace       used 18486K, capacity 19262K, committed 19584K, reserved 1067008K
  class space    used 2517K, capacity 2820K, committed 2944K, reserved 1048576K
}
Event: 0.579 GC heap after
{Heap after GC invocations=4 (full 0):
 garbage-first heap   total 516096K, used 11005K [0x000000060da00000, 0x0000000800000000)
  region size 2048K, 2 young (4096K), 2 survivors (4096K)
 Metaspace       used 18486K, capacity 19262K, committed 19584K, reserved 1067008K
  class space    used 2517K, capacity 2820K, committed 2944K, reserved 1048576K
}
Event: 0.740 GC heap before
{Heap before GC invocations=4 (full 0):
 garbage-first heap   total 516096K, used 129789K [0x000000060da00000, 0x0000000800000000)
  region size 2048K, 61 young (124928K), 2 survivors (4096K)
 Metaspace       used 20349K, capacity 21142K, committed 21296K, reserved 1067008K
  class space    used 2783K, capacity 3101K, committed 3200K, reserved 1048576K
}
Event: 0.745 GC heap after
{Heap after GC invocations=5 (full 0):
 garbage-first heap   total 761856K, used 11766K [0x000000060da00000, 0x0000000800000000)
  region size 2048K, 3 young (6144K), 3 survivors (6144K)
 Metaspace       used 20349K, capacity 21142K, committed 21296K, reserved 1067008K
  class space    used 2783K, capacity 3101K, committed 3200K, reserved 1048576K
}
Event: 1.237 GC heap before
{Heap before GC invocations=6 (full 0):
 garbage-first heap   total 761856K, used 169462K [0x000000060da00000, 0x0000000800000000)
  region size 2048K, 82 young (167936K), 3 survivors (6144K)
 Metaspace       used 34493K, capacity 35755K, committed 35920K, reserved 1079296K
  class space    used 4746K, capacity 5284K, committed 5376K, reserved 1048576K
}
Event: 1.253 GC heap after
{Heap after GC invocations=7 (full 0):
 garbage-first heap   total 761856K, used 18300K [0x000000060da00000, 0x0000000800000000)
  region size 2048K, 6 young (12288K), 6 survivors (12288K)
 Metaspace       used 34493K, capacity 35755K, committed 35920K, reserved 1079296K
  class space    used 4746K, capacity 5284K, committed 5376K, reserved 1048576K
}

