# JRE version: OpenJDK Runtime Environment (11.0.8+10) (build 11.0.8+10-post-Ubuntu-0ubuntu118.04.1)
# Java VM: OpenJDK 64-Bit Server VM (11.0.8+10-post-Ubuntu-0ubuntu118.04.1, mixed mode, sharing, tiered, compressed oops, g1 gc, linux-amd64)
Heap:
 garbage-first heap   total 643072K, used 112474K [0x000000060da00000, 0x0000000800000000)
  region size 2048K, 53 young (108544K), 6 survivors (12288K)
 Metaspace       used 46030K, capacity 47395K, committed 47608K, reserved 1089536K
  class space    used 6339K, capacity 6889K, committed 6988K, reserved 1048576K
GC Heap History (12 events):
Event: 0.253 GC heap before
{Heap before GC invocations=0 (full 0):
 garbage-first heap   total 516096K, used 25284K [0x000000060da00000, 0x0000000800000000)
  region size 2048K, 12 young (24576K), 0 survivors (0K)
 Metaspace       used 6437K, capacity 6799K, committed 7168K, reserved 1056768K
  class space    used 785K, capacity 911K, committed 1024K, reserved 1048576K
}
Event: 0.259 GC heap after
{Heap after GC invocations=1 (full 0):
 garbage-first heap   total 516096K, used 7012K [0x000000060da00000, 0x0000000800000000)
  region size 2048K, 2 young (4096K), 2 survivors (4096K)
 Metaspace       used 6437K, capacity 6799K, committed 7168K, reserved 1056768K
  class space    used 785K, capacity 911K, committed 1024K, reserved 1048576K
}
Event: 0.326 GC heap before
{Heap before GC invocations=1 (full 0):
 garbage-first heap   total 516096K, used 27492K [0x000000060da00000, 0x0000000800000000)
  region size 2048K, 12 young (24576K), 2 survivors (4096K)
 Metaspace       used 9306K, capacity 9700K, committed 9856K, reserved 1058816K
  class space    used 1209K, capacity 1376K, committed 1408K, reserved 1048576K
}
Event: 0.330 GC heap after
{Heap after GC invocations=2 (full 0):
 garbage-first heap   total 516096K, used 8061K [0x000000060da00000, 0x0000000800000000)
  region size 2048K, 1 young (2048K), 1 survivors (2048K)
 Metaspace       used 9306K, capacity 9700K, committed 9856K, reserved 1058816K
  class space    used 1209K, capacity 1376K, committed 1408K, reserved 1048576K
}
Event: 0.442 GC heap before
{Heap before GC invocations=2 (full 0):
 garbage-first heap   total 516096K, used 59261K [0x000000060da00000, 0x0000000800000000)
  region size 2048K, 26 young (53248K), 1 survivors (2048K)
 Metaspace       used 15955K, capacity 16632K, committed 16896K, reserved 1062912K
  class space    used 2186K, capacity 2455K, committed 2560K, reserved 1048576K
}
Event: 0.444 GC heap after
{Heap after GC invocations=3 (full 0):
 garbage-first heap   total 516096K, used 9531K [0x000000060da00000, 0x0000000800000000)
  region size 2048K, 2 young (4096K), 2 survivors (4096K)
 Metaspace       used 15955K, capacity 16632K, committed 16896K, reserved 1062912K
  class space    used 2186K, capacity 2455K, committed 2560K, reserved 1048576K
}
Event: 0.590 GC heap before
{Heap before GC invocations=3 (full 0):
 garbage-first heap   total 516096K, used 91451K [0x000000060da00000, 0x0000000800000000)
  region size 2048K, 43 young (88064K), 2 survivors (4096K)
 Metaspace       used 18506K, capacity 19267K, committed 19584K, reserved 1067008K
  class space    used 2522K, capacity 2821K, committed 2944K, reserved 1048576K
}
Event: 0.593 GC heap after
{Heap after GC invocations=4 (full 0):
 garbage-first heap   total 516096K, used 11068K [0x000000060da00000, 0x0000000800000000)
  region size 2048K, 2 young (4096K), 2 survivors (4096K)
 Metaspace       used 18506K, capacity 19267K, committed 19584K, reserved 1067008K
  class space    used 2522K, capacity 2821K, committed 2944K, reserved 1048576K
}
Event: 0.743 GC heap before
{Heap before GC invocations=4 (full 0):
 garbage-first heap   total 516096K, used 123708K [0x000000060da00000, 0x0000000800000000)
  region size 2048K, 58 young (118784K), 2 survivors (4096K)
 Metaspace       used 20136K, capacity 20944K, committed 21248K, reserved 1067008K
  class space    used 2753K, capacity 3055K, committed 3072K, reserved 1048576K
}
Event: 0.747 GC heap after
{Heap after GC invocations=5 (full 0):
 garbage-first heap   total 643072K, used 11837K [0x000000060da00000, 0x0000000800000000)
  region size 2048K, 3 young (6144K), 3 survivors (6144K)
 Metaspace       used 20136K, capacity 20944K, committed 21248K, reserved 1067008K
  class space    used 2753K, capacity 3055K, committed 3072K, reserved 1048576K
}
Event: 1.252 GC heap before
{Heap before GC invocations=6 (full 0):
 garbage-first heap   total 643072K, used 171581K [0x000000060da00000, 0x0000000800000000)
  region size 2048K, 83 young (169984K), 3 survivors (6144K)
 Metaspace       used 34260K, capacity 35506K, committed 35628K, reserved 1079296K
  class space    used 4715K, capacity 5244K, committed 5248K, reserved 1048576K
}
Event: 1.261 GC heap after
{Heap after GC invocations=7 (full 0):
 garbage-first heap   total 643072K, used 18266K [0x000000060da00000, 0x0000000800000000)
  region size 2048K, 6 young (12288K), 6 survivors (12288K)
 Metaspace       used 34260K, capacity 35506K, committed 35628K, reserved 1079296K
  class space    used 4715K, capacity 5244K, committed 5248K, reserved 1048576K
}

