# JRE version: OpenJDK Runtime Environment (11.0.8+10) (build 11.0.8+10-post-Ubuntu-0ubuntu118.04.1)
# Java VM: OpenJDK 64-Bit Server VM (11.0.8+10-post-Ubuntu-0ubuntu118.04.1, mixed mode, sharing, tiered, compressed oops, g1 gc, linux-amd64)
Heap:
 garbage-first heap   total 735232K, used 112358K [0x000000060da00000, 0x0000000800000000)
  region size 2048K, 53 young (108544K), 6 survivors (12288K)
 Metaspace       used 46029K, capacity 47426K, committed 47744K, reserved 1089536K
  class space    used 6340K, capacity 6922K, committed 7040K, reserved 1048576K
GC Heap History (12 events):
Event: 0.255 GC heap before
{Heap before GC invocations=0 (full 0):
 garbage-first heap   total 516096K, used 25284K [0x000000060da00000, 0x0000000800000000)
  region size 2048K, 12 young (24576K), 0 survivors (0K)
 Metaspace       used 6439K, capacity 6799K, committed 6912K, reserved 1056768K
  class space    used 784K, capacity 911K, committed 1024K, reserved 1048576K
}
Event: 0.260 GC heap after
{Heap after GC invocations=1 (full 0):
 garbage-first heap   total 516096K, used 7035K [0x000000060da00000, 0x0000000800000000)
  region size 2048K, 2 young (4096K), 2 survivors (4096K)
 Metaspace       used 6439K, capacity 6799K, committed 6912K, reserved 1056768K
  class space    used 784K, capacity 911K, committed 1024K, reserved 1048576K
}
Event: 0.319 GC heap before
{Heap before GC invocations=1 (full 0):
 garbage-first heap   total 516096K, used 27515K [0x000000060da00000, 0x0000000800000000)
  region size 2048K, 12 young (24576K), 2 survivors (4096K)
 Metaspace       used 9231K, capacity 9602K, committed 9856K, reserved 1058816K
  class space    used 1190K, capacity 1363K, committed 1408K, reserved 1048576K
}
Event: 0.328 GC heap after
{Heap after GC invocations=2 (full 0):
 garbage-first heap   total 516096K, used 8048K [0x000000060da00000, 0x0000000800000000)
  region size 2048K, 1 young (2048K), 1 survivors (2048K)
 Metaspace       used 9231K, capacity 9602K, committed 9856K, reserved 1058816K
  class space    used 1190K, capacity 1363K, committed 1408K, reserved 1048576K
}
Event: 0.445 GC heap before
{Heap before GC invocations=2 (full 0):
 garbage-first heap   total 516096K, used 59248K [0x000000060da00000, 0x0000000800000000)
  region size 2048K, 26 young (53248K), 1 survivors (2048K)
 Metaspace       used 15935K, capacity 16611K, committed 16768K, reserved 1062912K
  class space    used 2176K, capacity 2425K, committed 2432K, reserved 1048576K
}
Event: 0.449 GC heap after
{Heap after GC invocations=3 (full 0):
 garbage-first heap   total 516096K, used 9572K [0x000000060da00000, 0x0000000800000000)
  region size 2048K, 2 young (4096K), 2 survivors (4096K)
 Metaspace       used 15935K, capacity 16611K, committed 16768K, reserved 1062912K
  class space    used 2176K, capacity 2425K, committed 2432K, reserved 1048576K
}
Event: 0.581 GC heap before
{Heap before GC invocations=3 (full 0):
 garbage-first heap   total 516096K, used 91492K [0x000000060da00000, 0x0000000800000000)
  region size 2048K, 43 young (88064K), 2 survivors (4096K)
 Metaspace       used 18479K, capacity 19265K, committed 19584K, reserved 1067008K
  class space    used 2515K, capacity 2821K, committed 2944K, reserved 1048576K
}
Event: 0.584 GC heap after
{Heap after GC invocations=4 (full 0):
 garbage-first heap   total 516096K, used 11103K [0x000000060da00000, 0x0000000800000000)
  region size 2048K, 2 young (4096K), 2 survivors (4096K)
 Metaspace       used 18479K, capacity 19265K, committed 19584K, reserved 1067008K
  class space    used 2515K, capacity 2821K, committed 2944K, reserved 1048576K
}
Event: 0.733 GC heap before
{Heap before GC invocations=4 (full 0):
 garbage-first heap   total 516096K, used 125791K [0x000000060da00000, 0x0000000800000000)
  region size 2048K, 59 young (120832K), 2 survivors (4096K)
 Metaspace       used 20165K, capacity 20948K, committed 21248K, reserved 1067008K
  class space    used 2754K, capacity 3057K, committed 3072K, reserved 1048576K
}
Event: 0.737 GC heap after
{Heap after GC invocations=5 (full 0):
 garbage-first heap   total 735232K, used 11944K [0x000000060da00000, 0x0000000800000000)
  region size 2048K, 3 young (6144K), 3 survivors (6144K)
 Metaspace       used 20165K, capacity 20948K, committed 21248K, reserved 1067008K
  class space    used 2754K, capacity 3057K, committed 3072K, reserved 1048576K
}
Event: 1.219 GC heap before
{Heap before GC invocations=6 (full 0):
 garbage-first heap   total 735232K, used 171688K [0x000000060da00000, 0x0000000800000000)
  region size 2048K, 83 young (169984K), 3 survivors (6144K)
 Metaspace       used 34329K, capacity 35582K, committed 35628K, reserved 1079296K
  class space    used 4724K, capacity 5248K, committed 5248K, reserved 1048576K
}
Event: 1.231 GC heap after
{Heap after GC invocations=7 (full 0):
 garbage-first heap   total 735232K, used 18150K [0x000000060da00000, 0x0000000800000000)
  region size 2048K, 6 young (12288K), 6 survivors (12288K)
 Metaspace       used 34329K, capacity 35582K, committed 35628K, reserved 1079296K
  class space    used 4724K, capacity 5248K, committed 5248K, reserved 1048576K
}

